This is pdfTeX, Version 3.1415926-2.5-1.40.14 (TeX Live 2013) (format=pdflatex 2013.5.30)  2 APR 2014 17:04
entering extended mode
 restricted \write18 enabled.
 file:line:error style messages enabled.
 %&-line parsing enabled.
**HW3.tex
(./HW3.tex
LaTeX2e <2011/06/27>
Babel <3.9f> and hyphenation patterns for 78 languages loaded.
(/usr/local/texlive/2013/texmf-dist/tex/latex/base/article.cls
Document Class: article 2007/10/19 v1.4h Standard LaTeX document class
(/usr/local/texlive/2013/texmf-dist/tex/latex/base/size11.clo
File: size11.clo 2007/10/19 v1.4h Standard LaTeX file (size option)
)
\c@part=\count79
\c@section=\count80
\c@subsection=\count81
\c@subsubsection=\count82
\c@paragraph=\count83
\c@subparagraph=\count84
\c@figure=\count85
\c@table=\count86
\abovecaptionskip=\skip41
\belowcaptionskip=\skip42
\bibindent=\dimen102
)
(/usr/local/texlive/2013/texmf-dist/tex/latex/geometry/geometry.sty
Package: geometry 2010/09/12 v5.6 Page Geometry

(/usr/local/texlive/2013/texmf-dist/tex/latex/graphics/keyval.sty
Package: keyval 1999/03/16 v1.13 key=value parser (DPC)
\KV@toks@=\toks14
)
(/usr/local/texlive/2013/texmf-dist/tex/generic/oberdiek/ifpdf.sty
Package: ifpdf 2011/01/30 v2.3 Provides the ifpdf switch (HO)
Package ifpdf Info: pdfTeX in PDF mode is detected.
)
(/usr/local/texlive/2013/texmf-dist/tex/generic/oberdiek/ifvtex.sty
Package: ifvtex 2010/03/01 v1.5 Detect VTeX and its facilities (HO)
Package ifvtex Info: VTeX not detected.
)
(/usr/local/texlive/2013/texmf-dist/tex/generic/ifxetex/ifxetex.sty
Package: ifxetex 2010/09/12 v0.6 Provides ifxetex conditional
)
\Gm@cnth=\count87
\Gm@cntv=\count88
\c@Gm@tempcnt=\count89
\Gm@bindingoffset=\dimen103
\Gm@wd@mp=\dimen104
\Gm@odd@mp=\dimen105
\Gm@even@mp=\dimen106
\Gm@layoutwidth=\dimen107
\Gm@layoutheight=\dimen108
\Gm@layouthoffset=\dimen109
\Gm@layoutvoffset=\dimen110
\Gm@dimlist=\toks15
)
(/usr/local/texlive/2013/texmf-dist/tex/latex/fancyhdr/fancyhdr.sty
\fancy@headwidth=\skip43
\f@ncyO@elh=\skip44
\f@ncyO@erh=\skip45
\f@ncyO@olh=\skip46
\f@ncyO@orh=\skip47
\f@ncyO@elf=\skip48
\f@ncyO@erf=\skip49
\f@ncyO@olf=\skip50
\f@ncyO@orf=\skip51
)
(/usr/local/texlive/2013/texmf-dist/tex/latex/graphics/graphicx.sty
Package: graphicx 1999/02/16 v1.0f Enhanced LaTeX Graphics (DPC,SPQR)

(/usr/local/texlive/2013/texmf-dist/tex/latex/graphics/graphics.sty
Package: graphics 2009/02/05 v1.0o Standard LaTeX Graphics (DPC,SPQR)

(/usr/local/texlive/2013/texmf-dist/tex/latex/graphics/trig.sty
Package: trig 1999/03/16 v1.09 sin cos tan (DPC)
)
(/usr/local/texlive/2013/texmf-dist/tex/latex/latexconfig/graphics.cfg
File: graphics.cfg 2010/04/23 v1.9 graphics configuration of TeX Live
)
Package graphics Info: Driver file: pdftex.def on input line 91.

(/usr/local/texlive/2013/texmf-dist/tex/latex/pdftex-def/pdftex.def
File: pdftex.def 2011/05/27 v0.06d Graphics/color for pdfTeX

(/usr/local/texlive/2013/texmf-dist/tex/generic/oberdiek/infwarerr.sty
Package: infwarerr 2010/04/08 v1.3 Providing info/warning/error messages (HO)
)
(/usr/local/texlive/2013/texmf-dist/tex/generic/oberdiek/ltxcmds.sty
Package: ltxcmds 2011/11/09 v1.22 LaTeX kernel commands for general use (HO)
)
\Gread@gobject=\count90
))
\Gin@req@height=\dimen111
\Gin@req@width=\dimen112
)
(/usr/local/texlive/2013/../texmf-local/tex/latex/local/amscls/amsthm.sty
Package: amsthm 2009/07/02 v2.20.1
\thm@style=\toks16
\thm@bodyfont=\toks17
\thm@headfont=\toks18
\thm@notefont=\toks19
\thm@headpunct=\toks20
\thm@preskip=\skip52
\thm@postskip=\skip53
\thm@headsep=\skip54
\dth@everypar=\toks21
)
(/usr/local/texlive/2013/../texmf-local/tex/latex/local/amsmath/amsmath.sty
Package: amsmath 2013/01/14 v2.14 AMS math features
\@mathmargin=\skip55

For additional information on amsmath, use the `?' option.
(/usr/local/texlive/2013/../texmf-local/tex/latex/local/amsmath/amstext.sty
Package: amstext 2000/06/29 v2.01

(/usr/local/texlive/2013/../texmf-local/tex/latex/local/amsmath/amsgen.sty
File: amsgen.sty 1999/11/30 v2.0
\@emptytoks=\toks22
\ex@=\dimen113
))
(/usr/local/texlive/2013/../texmf-local/tex/latex/local/amsmath/amsbsy.sty
Package: amsbsy 1999/11/29 v1.2d
\pmbraise@=\dimen114
)
(/usr/local/texlive/2013/../texmf-local/tex/latex/local/amsmath/amsopn.sty
Package: amsopn 1999/12/14 v2.01 operator names
)
\inf@bad=\count91
LaTeX Info: Redefining \frac on input line 210.
\uproot@=\count92
\leftroot@=\count93
LaTeX Info: Redefining \overline on input line 306.
\classnum@=\count94
\DOTSCASE@=\count95
LaTeX Info: Redefining \ldots on input line 378.
LaTeX Info: Redefining \dots on input line 381.
LaTeX Info: Redefining \cdots on input line 466.
\Mathstrutbox@=\box26
\strutbox@=\box27
\big@size=\dimen115
LaTeX Font Info:    Redeclaring font encoding OML on input line 566.
LaTeX Font Info:    Redeclaring font encoding OMS on input line 567.
\macc@depth=\count96
\c@MaxMatrixCols=\count97
\dotsspace@=\muskip10
\c@parentequation=\count98
\dspbrk@lvl=\count99
\tag@help=\toks23
\row@=\count100
\column@=\count101
\maxfields@=\count102
\andhelp@=\toks24
\eqnshift@=\dimen116
\alignsep@=\dimen117
\tagshift@=\dimen118
\tagwidth@=\dimen119
\totwidth@=\dimen120
\lineht@=\dimen121
\@envbody=\toks25
\multlinegap=\skip56
\multlinetaggap=\skip57
\mathdisplay@stack=\toks26
LaTeX Info: Redefining \[ on input line 2665.
LaTeX Info: Redefining \] on input line 2666.
)
(/usr/local/texlive/2013/texmf-dist/tex/latex/amsfonts/amssymb.sty
Package: amssymb 2013/01/14 v3.01 AMS font symbols

(/usr/local/texlive/2013/texmf-dist/tex/latex/amsfonts/amsfonts.sty
Package: amsfonts 2013/01/14 v3.01 Basic AMSFonts support
\symAMSa=\mathgroup4
\symAMSb=\mathgroup5
LaTeX Font Info:    Overwriting math alphabet `\mathfrak' in version `bold'
(Font)                  U/euf/m/n --> U/euf/b/n on input line 106.
))
(/usr/local/texlive/2013/texmf-dist/tex/latex/multirow/multirow.sty
\bigstrutjot=\dimen122
) (./HW3.aux)
\openout1 = `HW3.aux'.

LaTeX Font Info:    Checking defaults for OML/cmm/m/it on input line 12.
LaTeX Font Info:    ... okay on input line 12.
LaTeX Font Info:    Checking defaults for T1/cmr/m/n on input line 12.
LaTeX Font Info:    ... okay on input line 12.
LaTeX Font Info:    Checking defaults for OT1/cmr/m/n on input line 12.
LaTeX Font Info:    ... okay on input line 12.
LaTeX Font Info:    Checking defaults for OMS/cmsy/m/n on input line 12.
LaTeX Font Info:    ... okay on input line 12.
LaTeX Font Info:    Checking defaults for OMX/cmex/m/n on input line 12.
LaTeX Font Info:    ... okay on input line 12.
LaTeX Font Info:    Checking defaults for U/cmr/m/n on input line 12.
LaTeX Font Info:    ... okay on input line 12.

*geometry* driver: auto-detecting
*geometry* detected driver: pdftex
*geometry* verbose mode - [ preamble ] result:
* driver: pdftex
* paper: a4paper
* layout: <same size as paper>
* layoutoffset:(h,v)=(0.0pt,0.0pt)
* modes: 
* h-part:(L,W,R)=(36.135pt, 525.23788pt, 36.135pt)
* v-part:(T,H,B)=(72.26999pt, 700.50687pt, 72.26999pt)
* \paperwidth=597.50787pt
* \paperheight=845.04684pt
* \textwidth=525.23788pt
* \textheight=700.50687pt
* \oddsidemargin=-36.135pt
* \evensidemargin=-36.135pt
* \topmargin=-37.0pt
* \headheight=12.0pt
* \headsep=25.0pt
* \topskip=11.0pt
* \footskip=30.0pt
* \marginparwidth=4.0pt
* \marginparsep=10.0pt
* \columnsep=10.0pt
* \skip\footins=10.0pt plus 4.0pt minus 2.0pt
* \hoffset=0.0pt
* \voffset=0.0pt
* \mag=1000
* \@twocolumntrue
* \@twosidefalse
* \@mparswitchfalse
* \@reversemarginfalse
* (1in=72.27pt=25.4mm, 1cm=28.453pt)

(/usr/local/texlive/2013/texmf-dist/tex/context/base/supp-pdf.mkii
[Loading MPS to PDF converter (version 2006.09.02).]
\scratchcounter=\count103
\scratchdimen=\dimen123
\scratchbox=\box28
\nofMPsegments=\count104
\nofMParguments=\count105
\everyMPshowfont=\toks27
\MPscratchCnt=\count106
\MPscratchDim=\dimen124
\MPnumerator=\count107
\makeMPintoPDFobject=\count108
\everyMPtoPDFconversion=\toks28
) (/usr/local/texlive/2013/texmf-dist/tex/generic/oberdiek/pdftexcmds.sty
Package: pdftexcmds 2011/11/29 v0.20 Utility functions of pdfTeX for LuaTeX (HO
)

(/usr/local/texlive/2013/texmf-dist/tex/generic/oberdiek/ifluatex.sty
Package: ifluatex 2010/03/01 v1.3 Provides the ifluatex switch (HO)
Package ifluatex Info: LuaTeX not detected.
)
Package pdftexcmds Info: LuaTeX not detected.
Package pdftexcmds Info: \pdf@primitive is available.
Package pdftexcmds Info: \pdf@ifprimitive is available.
Package pdftexcmds Info: \pdfdraftmode found.
)
(/usr/local/texlive/2013/texmf-dist/tex/latex/oberdiek/epstopdf-base.sty
Package: epstopdf-base 2010/02/09 v2.5 Base part for package epstopdf

(/usr/local/texlive/2013/texmf-dist/tex/latex/oberdiek/grfext.sty
Package: grfext 2010/08/19 v1.1 Manage graphics extensions (HO)

(/usr/local/texlive/2013/texmf-dist/tex/generic/oberdiek/kvdefinekeys.sty
Package: kvdefinekeys 2011/04/07 v1.3 Define keys (HO)
))
(/usr/local/texlive/2013/texmf-dist/tex/latex/oberdiek/kvoptions.sty
Package: kvoptions 2011/06/30 v3.11 Key value format for package options (HO)

(/usr/local/texlive/2013/texmf-dist/tex/generic/oberdiek/kvsetkeys.sty
Package: kvsetkeys 2012/04/25 v1.16 Key value parser (HO)

(/usr/local/texlive/2013/texmf-dist/tex/generic/oberdiek/etexcmds.sty
Package: etexcmds 2011/02/16 v1.5 Avoid name clashes with e-TeX commands (HO)
Package etexcmds Info: Could not find \expanded.
(etexcmds)             That can mean that you are not using pdfTeX 1.50 or
(etexcmds)             that some package has redefined \expanded.
(etexcmds)             In the latter case, load this package earlier.
)))
Package grfext Info: Graphics extension search list:
(grfext)             [.png,.pdf,.jpg,.mps,.jpeg,.jbig2,.jb2,.PNG,.PDF,.JPG,.JPE
G,.JBIG2,.JB2,.eps]
(grfext)             \AppendGraphicsExtensions on input line 452.

(/usr/local/texlive/2013/texmf-dist/tex/latex/latexconfig/epstopdf-sys.cfg
File: epstopdf-sys.cfg 2010/07/13 v1.3 Configuration of (r)epstopdf for TeX Liv
e
))
[1


{/usr/local/texlive/2013/texmf-var/fonts/map/pdftex/updmap/pdftex.map}]
Underfull \hbox (badness 1424) in paragraph at lines 26--27
\OT1/cmr/m/n/10.95 apart-ments with in-com-plete in-for-ma-tion, e.g. I
 []

<sum1.png, id=8, 337.26pt x 123.46124pt>
File: sum1.png Graphic file (type png)
 <use sum1.png>
Package pdftex.def Info: sum1.png used on input line 32.
(pdftex.def)             Requested size: 236.08038pt x 86.42226pt.

<sum2.png, id=9, 343.2825pt x 120.45pt>
File: sum2.png Graphic file (type png)
 <use sum2.png>
Package pdftex.def Info: sum2.png used on input line 33.
(pdftex.def)             Requested size: 240.2961pt x 84.3144pt.

<scatter1.png, id=10, 771.88374pt x 622.325pt>
File: scatter1.png Graphic file (type png)
 <use scatter1.png>
Package pdftex.def Info: scatter1.png used on input line 41.
(pdftex.def)             Requested size: 231.56691pt x 186.69893pt.

<scatter2.png, id=11, 763.85374pt x 622.325pt>
File: scatter2.png Graphic file (type png)
 <use scatter2.png>
Package pdftex.def Info: scatter2.png used on input line 42.
(pdftex.def)             Requested size: 229.15788pt x 186.69893pt.

<scatter3.png, id=12, 772.8875pt x 623.32875pt>
File: scatter3.png Graphic file (type png)
 <use scatter3.png>
Package pdftex.def Info: scatter3.png used on input line 43.
(pdftex.def)             Requested size: 231.86803pt x 187.00006pt.

<scatter4.png, id=13, 767.86874pt x 614.295pt>
File: scatter4.png Graphic file (type png)
 <use scatter4.png>
Package pdftex.def Info: scatter4.png used on input line 44.
(pdftex.def)             Requested size: 230.3624pt x 184.28992pt.
 [1

 <./sum1.png> <./sum2.png> <./scatter1.png> <./scatter2.png> <./scatter3.png>]
<mr1.png, id=19, 446.66875pt x 346.29375pt>
File: mr1.png Graphic file (type png)
 <use mr1.png>
Package pdftex.def Info: mr1.png used on input line 51.
(pdftex.def)             Requested size: 245.66856pt x 190.46214pt.
LaTeX Font Info:    Try loading font information for U+msa on input line 53.

(/usr/local/texlive/2013/texmf-dist/tex/latex/amsfonts/umsa.fd
File: umsa.fd 2013/01/14 v3.01 AMS symbols A
)
LaTeX Font Info:    Try loading font information for U+msb on input line 53.

(/usr/local/texlive/2013/texmf-dist/tex/latex/amsfonts/umsb.fd
File: umsb.fd 2013/01/14 v3.01 AMS symbols B
)
<vif.png, id=20, 317.185pt x 51.19125pt>
File: vif.png Graphic file (type png)
 <use vif.png>
Package pdftex.def Info: vif.png used on input line 55.
(pdftex.def)             Requested size: 190.31245pt x 30.71498pt.

<residual.png, id=21, 773.89125pt x 632.3625pt>
File: residual.png Graphic file (type png)
 <use residual.png>
Package pdftex.def Info: residual.png used on input line 76.
(pdftex.def)             Requested size: 193.47234pt x 158.09024pt.

Underfull \vbox (badness 10000) has occurred while \output is active []

 [2 <./scatter4.png> <./mr1.png> <./vif.png>] <QQ.png, id=27, 764.8575pt x 622.
325pt>
File: QQ.png Graphic file (type png)

<use QQ.png>
Package pdftex.def Info: QQ.png used on input line 85.
(pdftex.def)             Requested size: 229.45901pt x 186.69893pt.
 <CooksD.png, id=28, 789.95125pt x 632.3625pt>
File: CooksD.png Graphic file (type png)
 <use CooksD.png>
Package pdftex.def Info: CooksD.png used on input line 89.
(pdftex.def)             Requested size: 236.9872pt x 189.7102pt.

<suma.png, id=29, 338.26375pt x 124.465pt>
File: suma.png Graphic file (type png)
 <use suma.png>
Package pdftex.def Info: suma.png used on input line 100.
(pdftex.def)             Requested size: 236.78299pt x 87.1249pt.

<sumb.png, id=30, 366.36874pt x 132.495pt>
File: sumb.png Graphic file (type png)
 <use sumb.png>
Package pdftex.def Info: sumb.png used on input line 101.
(pdftex.def)             Requested size: 249.12744pt x 90.0954pt.

Underfull \vbox (badness 10000) has occurred while \output is active []

 [3 <./residual.png> <./QQ.png> <./CooksD.png>]
<scattera.png, id=37, 768.8725pt x 621.32124pt>
File: scattera.png Graphic file (type png)
 <use scattera.png>
Package pdftex.def Info: scattera.png used on input line 107.
(pdftex.def)             Requested size: 269.1094pt x 217.4657pt.

<scatterb.png, id=38, 761.84625pt x 619.31375pt>
File: scatterb.png Graphic file (type png)
 <use scatterb.png>
Package pdftex.def Info: scatterb.png used on input line 108.
(pdftex.def)             Requested size: 266.65018pt x 216.76306pt.

<scatterc.png, id=39, 763.85374pt x 641.39626pt>
File: scatterc.png Graphic file (type png)
 <use scatterc.png>
Package pdftex.def Info: scatterc.png used on input line 109.
(pdftex.def)             Requested size: 267.35281pt x 224.49205pt.

<scatterd.png, id=40, 765.86125pt x 622.325pt>
File: scatterd.png Graphic file (type png)
 <use scatterd.png>
Package pdftex.def Info: scatterd.png used on input line 110.
(pdftex.def)             Requested size: 268.05545pt x 217.817pt.

Overfull \hbox (11.49046pt too wide) in paragraph at lines 107--111
 [] 
 []


Overfull \hbox (9.03123pt too wide) in paragraph at lines 107--111
 [] 
 []


Overfull \hbox (9.73387pt too wide) in paragraph at lines 107--111
 [] 
 []


Overfull \hbox (10.43651pt too wide) in paragraph at lines 107--111
 [] 
 []


Underfull \vbox (badness 10000) has occurred while \output is active []

 [4 <./suma.png> <./sumb.png> <./scattera.png> <./scatterb.png> <./scatterc.png
> <./scatterd.png>] <mr2.png, id=44, 473.77pt x 344.28625pt>
File: mr2.png Graphic file (type png)
 <use mr2.png>
Package pdftex.def Info: mr2.png used on input line 117.
(pdftex.def)             Requested size: 260.57431pt x 189.35802pt.

Overfull \hbox (2.95537pt too wide) in paragraph at lines 117--118
 [] 
 []


Overfull \hbox (9.5611pt too wide) in paragraph at lines 125--125
[] 
 []


Underfull \hbox (badness 1776) in paragraph at lines 130--131
[]\OT1/cmr/m/n/10.95 Notice that $\OML/cmm/m/it/10.95 R\OMS/cmsy/m/n/10.95 ^^@$
\OT1/cmr/m/n/10.95 squared pleas-antly in-creases to
 []

<vif2.png, id=45, 320.19624pt x 49.18375pt>
File: vif2.png Graphic file (type png)
 <use vif2.png>
Package pdftex.def Info: vif2.png used on input line 136.
(pdftex.def)             Requested size: 192.11922pt x 29.51045pt.

<residual2.png, id=46, 772.8875pt x 650.43pt>
File: residual2.png Graphic file (type png)
 <use residual2.png>
Package pdftex.def Info: residual2.png used on input line 141.
(pdftex.def)             Requested size: 231.86803pt x 195.1305pt.

<residualbrush.png, id=47, 771.88374pt x 635.37375pt>
File: residualbrush.png Graphic file (type png)
 <use residualbrush.png>
Package pdftex.def Info: residualbrush.png used on input line 147.
(pdftex.def)             Requested size: 231.56691pt x 190.61359pt.

Underfull \vbox (badness 4805) has occurred while \output is active []

 [5 <./mr2.png> <./vif2.png> <./residual2.png>]
<QQ2.png, id=51, 761.84625pt x 637.38126pt>
File: QQ2.png Graphic file (type png)
 <use QQ2.png>
Package pdftex.def Info: QQ2.png used on input line 154.
(pdftex.def)             Requested size: 228.55563pt x 191.21585pt.

<CooksD2.png, id=52, 787.94376pt x 635.37375pt>
File: CooksD2.png Graphic file (type png)
 <use CooksD2.png>
Package pdftex.def Info: CooksD2.png used on input line 159.
(pdftex.def)             Requested size: 236.38495pt x 190.61359pt.

<mr3.png, id=53, 445.665pt x 329.23pt>
File: mr3.png Graphic file (type png)
 <use mr3.png>
Package pdftex.def Info: mr3.png used on input line 168.
(pdftex.def)             Requested size: 222.83195pt x 164.6146pt.
 [6 <./residualbrush.png> <./QQ2.png> <./CooksD2.png> <./mr3.png>]
<QQ3.png, id=59, 777.90625pt x 625.33624pt>
File: QQ3.png Graphic file (type png)
 <use QQ3.png>
Package pdftex.def Info: QQ3.png used on input line 177.
(pdftex.def)             Requested size: 233.37367pt x 187.60231pt.

<CooksD3.png, id=60, 786.94pt x 625.33624pt>
File: CooksD3.png Graphic file (type png)
 <use CooksD3.png>
Package pdftex.def Info: CooksD3.png used on input line 178.
(pdftex.def)             Requested size: 236.08382pt x 187.60231pt.

<mr4.png, id=61, 446.66875pt x 331.2375pt>
File: mr4.png Graphic file (type png)
 <use mr4.png>
Package pdftex.def Info: mr4.png used on input line 183.
(pdftex.def)             Requested size: 223.33382pt x 165.61833pt.

Underfull \vbox (badness 10000) has occurred while \output is active []


<QQ4.png, id=62, 763.85374pt x 627.34375pt>
File: QQ4.png Graphic file (type png)
 <use QQ4.png>
Package pdftex.def Info: QQ4.png used on input line 192.
(pdftex.def)             Requested size: 229.15788pt x 188.20457pt.

<CooksD4.png, id=63, 783.92876pt x 626.34pt>
File: CooksD4.png Graphic file (type png)
 <use CooksD4.png>
Package pdftex.def Info: CooksD4.png used on input line 193.
(pdftex.def)             Requested size: 235.18044pt x 187.90344pt.

Underfull \vbox (badness 10000) has occurred while \output is active []

 [7 <./QQ3.png> <./CooksD3.png> <./mr4.png> <./QQ4.png>]
<sum.png, id=67, 545.03625pt x 121.45375pt>
File: sum.png Graphic file (type png)
 <use sum.png>
Package pdftex.def Info: sum.png used on input line 201.
(pdftex.def)             Requested size: 245.26405pt x 54.65367pt.

<pred.png, id=68, 359.3425pt x 321.2pt>
File: pred.png Graphic file (type png)
 <use pred.png>
Package pdftex.def Info: pred.png used on input line 205.
(pdftex.def)             Requested size: 179.6708pt x 160.59961pt.

<res.png, id=69, 349.305pt x 436.63126pt>
File: res.png Graphic file (type png)
 <use res.png>
Package pdftex.def Info: res.png used on input line 206.
(pdftex.def)             Requested size: 174.65207pt x 218.3151pt.

Underfull \vbox (badness 10000) has occurred while \output is active []


<resplot.png, id=70, 767.86874pt x 634.37pt>
File: resplot.png Graphic file (type png)
 <use resplot.png>
Package pdftex.def Info: resplot.png used on input line 210.
(pdftex.def)             Requested size: 230.3624pt x 190.31245pt.
 [8 <./CooksD4.png> <./sum.png> <./pred.png> <./res.png> <./resplot.png>]
Underfull \hbox (badness 1838) in paragraph at lines 216--217
[]\OT1/cmr/m/n/10.95 This brings to the ques-tion of vari-able se-lec-
 []


Underfull \hbox (badness 2726) in paragraph at lines 216--217
\OT1/cmr/m/n/10.95 dic-tors, such as the pop-u-lar-ity of a par-tic-u-lar
 []

<newdata.png, id=74, 397.485pt x 671.50874pt>
File: newdata.png Graphic file (type png)
 <use newdata.png>
Package pdftex.def Info: newdata.png used on input line 224.
(pdftex.def)             Requested size: 238.49283pt x 402.90836pt.

Underfull \vbox (badness 10000) has occurred while \output is active []

 [9 <./newdata.png>] (./HW3.aux) ) 
Here is how much of TeX's memory you used:
 3224 strings out of 493315
 43366 string characters out of 6137904
 111235 words of memory out of 5000000
 6597 multiletter control sequences out of 15000+600000
 10440 words of font info for 39 fonts, out of 8000000 for 9000
 957 hyphenation exceptions out of 8191
 38i,10n,43p,697b,177s stack positions out of 5000i,500n,10000p,200000b,80000s
</usr/local/texlive/2013/texmf-dist/fonts/typ
e1/public/amsfonts/cm/cmbx12.pfb></usr/local/texlive/2013/texmf-dist/fonts/type
1/public/amsfonts/cm/cmcsc10.pfb></usr/local/texlive/2013/texmf-dist/fonts/type
1/public/amsfonts/cm/cmex10.pfb></usr/local/texlive/2013/texmf-dist/fonts/type1
/public/amsfonts/cm/cmmi10.pfb></usr/local/texlive/2013/texmf-dist/fonts/type1/
public/amsfonts/cm/cmmi8.pfb></usr/local/texlive/2013/texmf-dist/fonts/type1/pu
blic/amsfonts/cm/cmr10.pfb></usr/local/texlive/2013/texmf-dist/fonts/type1/publ
ic/amsfonts/cm/cmr12.pfb></usr/local/texlive/2013/texmf-dist/fonts/type1/public
/amsfonts/cm/cmr8.pfb></usr/local/texlive/2013/texmf-dist/fonts/type1/public/am
sfonts/cm/cmsy10.pfb></usr/local/texlive/2013/texmf-dist/fonts/type1/public/ams
fonts/cm/cmti10.pfb>
Output written on HW3.pdf (10 pages, 941931 bytes).
PDF statistics:
 111 PDF objects out of 1000 (max. 8388607)
 54 compressed objects within 1 object stream
 0 named destinations out of 1000 (max. 500000)
 171 words of extra memory for PDF output out of 10000 (max. 10000000)

